[Android_Pixel 2 INFO ] 2020-06-11 00:06:57.614 ServerManager:21 - STARTING APPIUM SEVER
[Android_Pixel 2 INFO ] 2020-06-11 00:06:59.690 ServerManager:31 - APPIUM SEVER STARTED
[Android_Pixel 2 INFO ] 2020-06-11 00:06:59.707 DriverManager:26 - initializing Appium driver
[Android_Pixel 2 INFO ] 2020-06-11 00:06:59.723 PropertyManager:18 - Loading config properties
[Android_Pixel 2 INFO ] 2020-06-11 00:06:59.724 CapabilitiesManager:16 - getting capabilities
[Android_Pixel 2 INFO ] 2020-06-11 00:06:59.727 CapabilitiesManager:32 - appUrl is/Users/sharadgupta/Documents/automation/AppiumCucumburFramework-testng/src/test/resources/app/btv.apk
[Android_Pixel 2 INFO ] 2020-06-11 00:07:12.567 DriverManager:40 - driver is initialize
[Android_Pixel 2 INFO ] 2020-06-11 00:08:27.464 BasePage:54 - Press login button
[Android_Pixel 2 INFO ] 2020-06-11 00:08:31.973 VideoManager:35 - video path: Android_Pixel 2/Videos/Verify Valid invalid Login.mp4
[Android_Pixel 2 INFO ] 2020-06-11 00:09:33.855 VideoManager:35 - video path: Android_Pixel 2/Videos/Verify Valid Login.mp4
[Android_Pixel 2 INFO ] 2020-06-11 00:25:57.976 ServerManager:21 - STARTING APPIUM SEVER
[Android_Pixel 2 INFO ] 2020-06-11 00:25:59.368 ServerManager:31 - APPIUM SEVER STARTED
[Android_Pixel 2 INFO ] 2020-06-11 00:25:59.383 DriverManager:26 - initializing Appium driver
[Android_Pixel 2 INFO ] 2020-06-11 00:25:59.396 PropertyManager:18 - Loading config properties
[Android_Pixel 2 INFO ] 2020-06-11 00:25:59.397 CapabilitiesManager:16 - getting capabilities
[Android_Pixel 2 INFO ] 2020-06-11 00:25:59.399 CapabilitiesManager:32 - appUrl is/Users/sharadgupta/Documents/automation/AppiumCucumburFramework-testng/src/test/resources/app/btv.apk
[Android_Pixel 2 INFO ] 2020-06-11 00:26:07.716 DriverManager:40 - driver is initialize
[Android_Pixel 2 INFO ] 2020-06-11 00:26:37.865 BasePage:54 - Press login button
[Android_Pixel 2 INFO ] 2020-06-11 00:26:39.318 LoginPage:22 - Login Screen is enabled----->true
[Android_Pixel 2 INFO ] 2020-06-11 00:27:40.887 VideoManager:35 - video path: Android_Pixel 2/Videos/Verify Valid invalid Login.mp4
[Android_Pixel 2 INFO ] 2020-06-11 00:28:22.945 BasePage:54 - Press login button
[Android_Pixel 2 INFO ] 2020-06-11 00:28:24.649 LoginPage:22 - Login Screen is enabled----->true
[Android_Pixel 2 INFO ] 2020-06-11 00:28:28.132 BasePage:97 - rotate_pro_tip_text_view -->>Earnings Videos
[Android_Pixel 2 INFO ] 2020-06-11 00:28:29.251 VideoManager:35 - video path: Android_Pixel 2/Videos/Verify Valid Login.mp4
[Android_Pixel 2 INFO ] 2020-06-11 00:31:09.350 ServerManager:21 - STARTING APPIUM SEVER
[Android_Pixel 2 INFO ] 2020-06-11 00:31:10.752 ServerManager:31 - APPIUM SEVER STARTED
[Android_Pixel 2 INFO ] 2020-06-11 00:31:10.768 DriverManager:26 - initializing Appium driver
[Android_Pixel 2 INFO ] 2020-06-11 00:31:10.784 PropertyManager:18 - Loading config properties
[Android_Pixel 2 INFO ] 2020-06-11 00:31:10.785 CapabilitiesManager:16 - getting capabilities
[Android_Pixel 2 INFO ] 2020-06-11 00:31:10.787 CapabilitiesManager:32 - appUrl is/Users/sharadgupta/Documents/automation/AppiumCucumburFramework-testng/src/test/resources/app/btv.apk
[Android_Pixel 2 INFO ] 2020-06-11 00:31:19.252 DriverManager:40 - driver is initialize
[Android_Pixel 2 INFO ] 2020-06-11 00:31:21.522 ProTipsPage:90 - Pro Tip Button Clicked
[Android_Pixel 2 INFO ] 2020-06-11 00:31:22.919 BasePage:97 - toolbar_title ---->>>PRO TIP
[Android_Pixel 2 INFO ] 2020-06-11 00:31:22.947 ProTipsPage:36 - toolbar_title is enabled----->true
[Android_Pixel 2 INFO ] 2020-06-11 00:31:23.036 BasePage:97 - lighting_text_view ---->>>Lighting
[Android_Pixel 2 INFO ] 2020-06-11 00:31:23.068 ProTipsPage:41 - lighting_text_view is enabled----->true
[Android_Pixel 2 INFO ] 2020-06-11 00:31:23.151 BasePage:97 - make_sure_text_view ---->>>Make sure there is adequate light in front of your subject, not behind them.
[Android_Pixel 2 INFO ] 2020-06-11 00:31:23.178 ProTipsPage:46 - lighting_Description_view is enabled----->true
[Android_Pixel 2 INFO ] 2020-06-11 00:31:23.252 BasePage:97 - professional_text_view - -->>>Professional looking Office
[Android_Pixel 2 INFO ] 2020-06-11 00:31:23.278 ProTipsPage:51 - professional_text_view is enabled----->true
[Android_Pixel 2 INFO ] 2020-06-11 00:31:23.351 BasePage:97 - make_sure_subject_text_view  ---->>>Make sure your subject has a neat and tidy background.
[Android_Pixel 2 INFO ] 2020-06-11 00:31:23.380 ProTipsPage:56 - make_sure_subject_text_view is enabled----->true
[Android_Pixel 2 INFO ] 2020-06-11 00:31:23.450 BasePage:97 - camera_person_text_view ---->>>Camera person
[Android_Pixel 2 INFO ] 2020-06-11 00:31:23.473 ProTipsPage:61 - camera_person_text_view is enabled----->true
[Android_Pixel 2 INFO ] 2020-06-11 00:31:23.544 BasePage:97 - position_device_text_view ---->>>Position yourself about 4-5 feet away from the CEO or Executive. Don’t zoom in. Stay in the same spot for all your recordings.
[Android_Pixel 2 INFO ] 2020-06-11 00:31:23.569 ProTipsPage:66 - position_device_text_view is enabled----->true
[Android_Pixel 2 INFO ] 2020-06-11 00:31:23.641 BasePage:97 - Record_horizontally_text_view ---->>>Record Horizontally only
[Android_Pixel 2 INFO ] 2020-06-11 00:31:23.665 ProTipsPage:71 - Record_horizontally_text_view is enabled----->true
[Android_Pixel 2 INFO ] 2020-06-11 00:31:23.741 BasePage:97 - make_sure_device_is_horizon_text_view  ---->>>Make sure your device is horizontal.
[Android_Pixel 2 INFO ] 2020-06-11 00:31:23.767 ProTipsPage:75 - Rmake_sure_device_is_horizon_text_viewview is enabled----->true
[Android_Pixel 2 INFO ] 2020-06-11 00:31:23.835 BasePage:97 - video_length_text_view  ---->>>Video Length
[Android_Pixel 2 INFO ] 2020-06-11 00:31:23.857 ProTipsPage:80 - video_length_text_view is enabled----->true
[Android_Pixel 2 INFO ] 2020-06-11 00:31:23.937 BasePage:97 - statistics_show_text_view  ---->>>Statistics show that the optimal length of video is about 2 minutes long.
[Android_Pixel 2 INFO ] 2020-06-11 00:31:23.963 ProTipsPage:80 - video_length_text_view is enabled----->true
[Android_Pixel 2 INFO ] 2020-06-11 00:31:23.987 ProTipsPage:96 - Pro Tip back button clicked
[Android_Pixel 2 INFO ] 2020-06-11 00:31:25.171 BasePage:97 - rotate_pro_tip_text_view -->>PRO TIP
[Android_Pixel 2 INFO ] 2020-06-11 00:31:25.193 ProTipsPage:31 - rotate_pro_tip_text_view is enabled----->true
[Android_Pixel 2 INFO ] 2020-06-11 00:31:26.198 VideoManager:35 - video path: Android_Pixel 2/Videos/Verify Pro Tip screen.mp4
[Android_Pixel 2 INFO ] 2020-06-11 00:32:03.751 BasePage:54 - Press login button
[Android_Pixel 2 INFO ] 2020-06-11 00:32:06.666 VideoManager:35 - video path: Android_Pixel 2/Videos/Verify Valid invalid Login.mp4
[Android_Pixel 2 INFO ] 2020-06-11 00:32:43.234 BasePage:54 - Press login button
[Android_Pixel 2 INFO ] 2020-06-11 00:32:45.639 VideoManager:35 - video path: Android_Pixel 2/Videos/Verify Valid Login.mp4
[Android_Pixel 2 INFO ] 2020-06-11 00:33:54.083 ServerManager:21 - STARTING APPIUM SEVER
[Android_Pixel 2 INFO ] 2020-06-11 00:33:55.824 ServerManager:31 - APPIUM SEVER STARTED
[Android_Pixel 2 INFO ] 2020-06-11 00:33:55.840 DriverManager:26 - initializing Appium driver
[Android_Pixel 2 INFO ] 2020-06-11 00:33:55.854 PropertyManager:18 - Loading config properties
[Android_Pixel 2 INFO ] 2020-06-11 00:33:55.855 CapabilitiesManager:16 - getting capabilities
[Android_Pixel 2 INFO ] 2020-06-11 00:33:55.857 CapabilitiesManager:32 - appUrl is/Users/sharadgupta/Documents/automation/AppiumCucumburFramework-testng/src/test/resources/app/btv.apk
[Android_Pixel 2 INFO ] 2020-06-11 00:34:04.772 DriverManager:40 - driver is initialize
[Android_Pixel 2 INFO ] 2020-06-11 00:34:07.048 ProTipsPage:90 - Pro Tip Button Clicked
[Android_Pixel 2 INFO ] 2020-06-11 00:34:16.687 BasePage:97 - toolbar_title ---->>>PRO TIP
[Android_Pixel 2 INFO ] 2020-06-11 00:34:16.715 ProTipsPage:36 - toolbar_title is enabled----->true
[Android_Pixel 2 INFO ] 2020-06-11 00:34:16.790 BasePage:97 - lighting_text_view ---->>>Lighting
[Android_Pixel 2 INFO ] 2020-06-11 00:34:16.816 ProTipsPage:41 - lighting_text_view is enabled----->true
[Android_Pixel 2 INFO ] 2020-06-11 00:34:16.889 BasePage:97 - make_sure_text_view ---->>>Make sure there is adequate light in front of your subject, not behind them.
[Android_Pixel 2 INFO ] 2020-06-11 00:34:16.914 ProTipsPage:46 - lighting_Description_view is enabled----->true
[Android_Pixel 2 INFO ] 2020-06-11 00:34:16.988 BasePage:97 - professional_text_view - -->>>Professional looking Office
[Android_Pixel 2 INFO ] 2020-06-11 00:34:17.013 ProTipsPage:51 - professional_text_view is enabled----->true
[Android_Pixel 2 INFO ] 2020-06-11 00:34:17.087 BasePage:97 - make_sure_subject_text_view  ---->>>Make sure your subject has a neat and tidy background.
[Android_Pixel 2 INFO ] 2020-06-11 00:34:17.111 ProTipsPage:56 - make_sure_subject_text_view is enabled----->true
[Android_Pixel 2 INFO ] 2020-06-11 00:34:17.183 BasePage:97 - camera_person_text_view ---->>>Camera person
[Android_Pixel 2 INFO ] 2020-06-11 00:34:17.211 ProTipsPage:61 - camera_person_text_view is enabled----->true
[Android_Pixel 2 INFO ] 2020-06-11 00:34:17.284 BasePage:97 - position_device_text_view ---->>>Position yourself about 4-5 feet away from the CEO or Executive. Don’t zoom in. Stay in the same spot for all your recordings.
[Android_Pixel 2 INFO ] 2020-06-11 00:34:17.309 ProTipsPage:66 - position_device_text_view is enabled----->true
[Android_Pixel 2 INFO ] 2020-06-11 00:34:17.380 BasePage:97 - Record_horizontally_text_view ---->>>Record Horizontally only
[Android_Pixel 2 INFO ] 2020-06-11 00:34:17.403 ProTipsPage:71 - Record_horizontally_text_view is enabled----->true
[Android_Pixel 2 INFO ] 2020-06-11 00:34:17.472 BasePage:97 - make_sure_device_is_horizon_text_view  ---->>>Make sure your device is horizontal.
[Android_Pixel 2 INFO ] 2020-06-11 00:34:17.497 ProTipsPage:75 - Rmake_sure_device_is_horizon_text_viewview is enabled----->true
[Android_Pixel 2 INFO ] 2020-06-11 00:34:17.564 BasePage:97 - video_length_text_view  ---->>>Video Length
[Android_Pixel 2 INFO ] 2020-06-11 00:34:17.587 ProTipsPage:80 - video_length_text_view is enabled----->true
[Android_Pixel 2 INFO ] 2020-06-11 00:34:17.653 BasePage:97 - statistics_show_text_view  ---->>>Statistics show that the optimal length of video is about 2 minutes long.
[Android_Pixel 2 INFO ] 2020-06-11 00:34:17.675 ProTipsPage:80 - video_length_text_view is enabled----->true
[Android_Pixel 2 INFO ] 2020-06-11 00:34:17.700 ProTipsPage:96 - Pro Tip back button clicked
[Android_Pixel 2 INFO ] 2020-06-11 00:34:18.914 BasePage:97 - rotate_pro_tip_text_view -->>PRO TIP
[Android_Pixel 2 INFO ] 2020-06-11 00:34:18.937 ProTipsPage:31 - rotate_pro_tip_text_view is enabled----->true
[Android_Pixel 2 INFO ] 2020-06-11 00:34:20.178 VideoManager:35 - video path: Android_Pixel 2/Videos/Verify Pro Tip screen.mp4
[Android_Pixel 2 INFO ] 2020-06-11 00:34:26.540 MarketingPages:22 - Welcome  is enabled----->true
[Android_Pixel 2 INFO ] 2020-06-11 00:35:23.036 BasePage:97 - Login page title is - Please login to save your recordings.
[Android_Pixel 2 INFO ] 2020-06-11 00:35:23.061 LoginPage:17 - Login Screen is enabled----->true
[Android_Pixel 2 INFO ] 2020-06-11 00:35:23.111 LoginPage:22 - Login Screen is enabled----->true
[Android_Pixel 2 INFO ] 2020-06-11 00:35:24.685 VideoManager:35 - video path: Android_Pixel 2/Videos/Verify marketing screen.mp4
[Android_Pixel 2 INFO ] 2020-06-11 00:36:29.810 BasePage:54 - Press login button
[Android_Pixel 2 INFO ] 2020-06-11 00:36:31.583 LoginPage:22 - Login Screen is enabled----->true
[Android_Pixel 2 INFO ] 2020-06-11 00:37:35.565 VideoManager:35 - video path: Android_Pixel 2/Videos/Verify Valid invalid Login.mp4
[Android_Pixel 2 INFO ] 2020-06-11 00:37:58.307 BasePage:54 - Press login button
[Android_Pixel 2 INFO ] 2020-06-11 00:38:00.079 LoginPage:22 - Login Screen is enabled----->true
[Android_Pixel 2 INFO ] 2020-06-11 00:38:03.091 BasePage:97 - rotate_pro_tip_text_view -->>Earnings Videos
[Android_Pixel 2 INFO ] 2020-06-11 00:38:04.402 VideoManager:35 - video path: Android_Pixel 2/Videos/Verify Valid Login.mp4
[Android_Pixel 2 INFO ] 2020-06-11 13:50:14.697 ServerManager:21 - STARTING APPIUM SEVER
[Android_Pixel 2 INFO ] 2020-06-11 13:50:16.454 ServerManager:31 - APPIUM SEVER STARTED
[Android_Pixel 2 INFO ] 2020-06-11 13:50:16.470 DriverManager:26 - initializing Appium driver
[Android_Pixel 2 INFO ] 2020-06-11 13:50:16.486 PropertyManager:18 - Loading config properties
[Android_Pixel 2 INFO ] 2020-06-11 13:50:16.487 CapabilitiesManager:16 - getting capabilities
[Android_Pixel 2 INFO ] 2020-06-11 13:50:16.490 CapabilitiesManager:32 - appUrl is/Users/sharadgupta/Documents/automation/AppiumCucumburFramework-testng/src/test/resources/app/btv.apk
[Android_Pixel 2 INFO ] 2020-06-11 13:50:27.120 DriverManager:40 - driver is initialize
[Android_Pixel 2 INFO ] 2020-06-11 13:50:29.375 MarketingPages:22 - Welcome  is enabled----->true
[Android_Pixel 2 INFO ] 2020-06-11 13:51:08.093 VideoManager:35 - video path: Android_Pixel 2/Videos/Verify user is able to recover password by using forgot password.mp4
[Android_Pixel 2 INFO ] 2020-06-11 13:53:24.201 ServerManager:21 - STARTING APPIUM SEVER
[Android_Pixel 2 INFO ] 2020-06-11 13:53:25.622 ServerManager:31 - APPIUM SEVER STARTED
[Android_Pixel 2 INFO ] 2020-06-11 13:53:25.637 DriverManager:26 - initializing Appium driver
[Android_Pixel 2 INFO ] 2020-06-11 13:53:25.655 PropertyManager:18 - Loading config properties
[Android_Pixel 2 INFO ] 2020-06-11 13:53:25.656 CapabilitiesManager:16 - getting capabilities
[Android_Pixel 2 INFO ] 2020-06-11 13:53:25.659 CapabilitiesManager:32 - appUrl is/Users/sharadgupta/Documents/automation/AppiumCucumburFramework-testng/src/test/resources/app/btv.apk
[Android_Pixel 2 INFO ] 2020-06-11 13:53:33.887 DriverManager:40 - driver is initialize
[Android_Pixel 2 INFO ] 2020-06-11 13:53:36.071 MarketingPages:22 - Welcome  is enabled----->true
[Android_Pixel 2 INFO ] 2020-06-11 13:54:42.200 BasePage:97 - Forgot_Screen_ToolBar_view -->>Forgot Password
[Android_Pixel 2 INFO ] 2020-06-11 13:54:44.376 VideoManager:35 - video path: Android_Pixel 2/Videos/Verify user is able to recover password by using forgot password.mp4
[Android_Pixel 2 INFO ] 2020-06-11 13:55:42.826 ServerManager:21 - STARTING APPIUM SEVER
[Android_Pixel 2 INFO ] 2020-06-11 13:55:44.252 ServerManager:31 - APPIUM SEVER STARTED
[Android_Pixel 2 INFO ] 2020-06-11 13:55:44.271 DriverManager:26 - initializing Appium driver
[Android_Pixel 2 INFO ] 2020-06-11 13:55:44.290 PropertyManager:18 - Loading config properties
[Android_Pixel 2 INFO ] 2020-06-11 13:55:44.291 CapabilitiesManager:16 - getting capabilities
[Android_Pixel 2 INFO ] 2020-06-11 13:55:44.294 CapabilitiesManager:32 - appUrl is/Users/sharadgupta/Documents/automation/AppiumCucumburFramework-testng/src/test/resources/app/btv.apk
[Android_Pixel 2 INFO ] 2020-06-11 13:55:53.473 DriverManager:40 - driver is initialize
[Android_Pixel 2 INFO ] 2020-06-11 13:55:55.719 MarketingPages:22 - Welcome  is enabled----->true
[Android_Pixel 2 INFO ] 2020-06-11 13:56:16.056 VideoManager:35 - video path: Android_Pixel 2/Videos/Verify user is able to recover password by using forgot password.mp4
[Android_Pixel 2 INFO ] 2020-06-11 16:47:53.872 ServerManager:21 - STARTING APPIUM SEVER
[Android_Pixel 2 INFO ] 2020-06-11 16:47:55.930 ServerManager:31 - APPIUM SEVER STARTED
[Android_Pixel 2 INFO ] 2020-06-11 16:47:55.947 DriverManager:26 - initializing Appium driver
[Android_Pixel 2 INFO ] 2020-06-11 16:47:55.962 PropertyManager:18 - Loading config properties
[Android_Pixel 2 INFO ] 2020-06-11 16:47:55.963 CapabilitiesManager:16 - getting capabilities
[Android_Pixel 2 INFO ] 2020-06-11 16:47:55.965 CapabilitiesManager:32 - appUrl is/Users/sharadgupta/Documents/automation/AppiumCucumburFramework-testng/src/test/resources/app/btv.apk
[Android_Pixel 2 INFO ] 2020-06-11 16:48:07.689 DriverManager:40 - driver is initialize
[Android_Pixel 2 INFO ] 2020-06-11 16:48:09.923 MarketingPages:22 - Welcome  is enabled----->true
[Android_Pixel 2 INFO ] 2020-06-11 16:48:30.788 VideoManager:35 - video path: Android_Pixel 2/Videos/Verify user is able to recover password by using forgot password.mp4
[Android_Pixel 2 INFO ] 2020-06-11 16:49:01.810 ServerManager:21 - STARTING APPIUM SEVER
[Android_Pixel 2 INFO ] 2020-06-11 16:49:03.538 ServerManager:31 - APPIUM SEVER STARTED
[Android_Pixel 2 INFO ] 2020-06-11 16:49:03.556 DriverManager:26 - initializing Appium driver
[Android_Pixel 2 INFO ] 2020-06-11 16:49:03.571 PropertyManager:18 - Loading config properties
[Android_Pixel 2 INFO ] 2020-06-11 16:49:03.572 CapabilitiesManager:16 - getting capabilities
[Android_Pixel 2 INFO ] 2020-06-11 16:49:03.574 CapabilitiesManager:32 - appUrl is/Users/sharadgupta/Documents/automation/AppiumCucumburFramework-testng/src/test/resources/app/btv.apk
[Android_Pixel 2 INFO ] 2020-06-11 16:49:11.549 DriverManager:40 - driver is initialize
[Android_Pixel 2 INFO ] 2020-06-11 16:49:13.722 MarketingPages:22 - Welcome  is enabled----->true
[Android_Pixel 2 INFO ] 2020-06-11 16:49:34.168 VideoManager:35 - video path: Android_Pixel 2/Videos/Verify user is able to recover password by using forgot password.mp4
[Android_Pixel 2 INFO ] 2020-06-11 16:50:15.464 ServerManager:21 - STARTING APPIUM SEVER
[Android_Pixel 2 INFO ] 2020-06-11 16:50:16.879 ServerManager:31 - APPIUM SEVER STARTED
[Android_Pixel 2 INFO ] 2020-06-11 16:50:16.896 DriverManager:26 - initializing Appium driver
[Android_Pixel 2 INFO ] 2020-06-11 16:50:16.912 PropertyManager:18 - Loading config properties
[Android_Pixel 2 INFO ] 2020-06-11 16:50:16.913 CapabilitiesManager:16 - getting capabilities
[Android_Pixel 2 INFO ] 2020-06-11 16:50:16.915 CapabilitiesManager:32 - appUrl is/Users/sharadgupta/Documents/automation/AppiumCucumburFramework-testng/src/test/resources/app/btv.apk
[Android_Pixel 2 INFO ] 2020-06-11 16:50:26.221 DriverManager:40 - driver is initialize
[Android_Pixel 2 INFO ] 2020-06-11 16:50:28.366 MarketingPages:22 - Welcome  is enabled----->true
[Android_Pixel 2 INFO ] 2020-06-11 16:51:44.128 BasePage:97 - Forgot_Screen_ToolBar_view -->>Forgot Password
[Android_Pixel 2 INFO ] 2020-06-11 16:51:48.349 VideoManager:35 - video path: Android_Pixel 2/Videos/Verify user is able to recover password by using forgot password.mp4
[Android_Pixel 2 INFO ] 2020-06-11 16:52:44.672 ServerManager:21 - STARTING APPIUM SEVER
[Android_Pixel 2 INFO ] 2020-06-11 16:52:46.109 ServerManager:31 - APPIUM SEVER STARTED
[Android_Pixel 2 INFO ] 2020-06-11 16:52:46.125 DriverManager:26 - initializing Appium driver
[Android_Pixel 2 INFO ] 2020-06-11 16:52:46.141 PropertyManager:18 - Loading config properties
[Android_Pixel 2 INFO ] 2020-06-11 16:52:46.142 CapabilitiesManager:16 - getting capabilities
[Android_Pixel 2 INFO ] 2020-06-11 16:52:46.144 CapabilitiesManager:32 - appUrl is/Users/sharadgupta/Documents/automation/AppiumCucumburFramework-testng/src/test/resources/app/btv.apk
[Android_Pixel 2 INFO ] 2020-06-11 16:52:54.739 DriverManager:40 - driver is initialize
[Android_Pixel 2 INFO ] 2020-06-11 16:52:56.946 MarketingPages:22 - Welcome  is enabled----->true
[Android_Pixel 2 INFO ] 2020-06-11 16:53:15.936 VideoManager:35 - video path: Android_Pixel 2/Videos/Verify user is able to recover password by using forgot password.mp4
[Android_Pixel 2 INFO ] 2020-06-11 16:58:59.146 ServerManager:21 - STARTING APPIUM SEVER
[Android_Pixel 2 INFO ] 2020-06-11 16:59:00.877 ServerManager:31 - APPIUM SEVER STARTED
[Android_Pixel 2 INFO ] 2020-06-11 16:59:00.892 DriverManager:26 - initializing Appium driver
[Android_Pixel 2 INFO ] 2020-06-11 16:59:00.907 PropertyManager:18 - Loading config properties
[Android_Pixel 2 INFO ] 2020-06-11 16:59:00.908 CapabilitiesManager:16 - getting capabilities
[Android_Pixel 2 INFO ] 2020-06-11 16:59:00.911 CapabilitiesManager:32 - appUrl is/Users/sharadgupta/Documents/automation/AppiumCucumburFramework-testng/src/test/resources/app/btv.apk
[Android_Pixel 2 INFO ] 2020-06-11 16:59:09.122 DriverManager:40 - driver is initialize
[Android_Pixel 2 INFO ] 2020-06-11 16:59:11.294 MarketingPages:22 - Welcome  is enabled----->true
[Android_Pixel 2 INFO ] 2020-06-11 17:00:16.067 VideoManager:35 - video path: Android_Pixel 2/Videos/Verify user is able to recover password by using forgot password.mp4
[Android_Pixel 2 INFO ] 2020-06-11 17:05:08.456 ServerManager:21 - STARTING APPIUM SEVER
[Android_Pixel 2 INFO ] 2020-06-11 17:05:09.865 ServerManager:31 - APPIUM SEVER STARTED
[Android_Pixel 2 INFO ] 2020-06-11 17:05:09.880 DriverManager:26 - initializing Appium driver
[Android_Pixel 2 INFO ] 2020-06-11 17:05:09.896 PropertyManager:18 - Loading config properties
[Android_Pixel 2 INFO ] 2020-06-11 17:05:09.897 CapabilitiesManager:16 - getting capabilities
[Android_Pixel 2 INFO ] 2020-06-11 17:05:09.900 CapabilitiesManager:32 - appUrl is/Users/sharadgupta/Documents/automation/AppiumCucumburFramework-testng/src/test/resources/app/btv.apk
[Android_Pixel 2 INFO ] 2020-06-11 17:05:18.812 DriverManager:40 - driver is initialize
[Android_Pixel 2 INFO ] 2020-06-11 17:05:20.985 MarketingPages:22 - Welcome  is enabled----->true
[Android_Pixel 2 INFO ] 2020-06-11 17:06:20.392 BasePage:97 - Forgot_Screen_Button_text_view -->>Forgot password?
[Android_Pixel 2 INFO ] 2020-06-11 17:06:22.228 VideoManager:35 - video path: Android_Pixel 2/Videos/Verify user is able to recover password by using forgot password.mp4
[Android_Pixel 2 INFO ] 2020-06-11 17:07:06.339 ServerManager:21 - STARTING APPIUM SEVER
[Android_Pixel 2 INFO ] 2020-06-11 17:07:08.081 ServerManager:31 - APPIUM SEVER STARTED
[Android_Pixel 2 INFO ] 2020-06-11 17:07:08.100 DriverManager:26 - initializing Appium driver
[Android_Pixel 2 INFO ] 2020-06-11 17:07:08.118 PropertyManager:18 - Loading config properties
[Android_Pixel 2 INFO ] 2020-06-11 17:07:08.119 CapabilitiesManager:16 - getting capabilities
[Android_Pixel 2 INFO ] 2020-06-11 17:07:08.121 CapabilitiesManager:32 - appUrl is/Users/sharadgupta/Documents/automation/AppiumCucumburFramework-testng/src/test/resources/app/btv.apk
[Android_Pixel 2 INFO ] 2020-06-11 17:07:16.573 DriverManager:40 - driver is initialize
[Android_Pixel 2 INFO ] 2020-06-11 17:07:20.035 VideoManager:35 - video path: Android_Pixel 2/Videos/Verify user is able to recover password by using forgot password.mp4
[Android_Pixel 2 INFO ] 2020-06-11 17:08:22.103 ServerManager:21 - STARTING APPIUM SEVER
[Android_Pixel 2 INFO ] 2020-06-11 17:08:22.853 ServerManager:31 - APPIUM SEVER STARTED
[Android_Pixel 2 INFO ] 2020-06-11 17:08:22.867 DriverManager:26 - initializing Appium driver
[Android_Pixel 2 INFO ] 2020-06-11 17:08:22.880 PropertyManager:18 - Loading config properties
[Android_Pixel 2 INFO ] 2020-06-11 17:08:22.881 CapabilitiesManager:16 - getting capabilities
[Android_Pixel 2 INFO ] 2020-06-11 17:08:22.883 CapabilitiesManager:32 - appUrl is/Users/sharadgupta/Documents/automation/AppiumCucumburFramework-testng/src/test/resources/app/btv.apk
[Android_Pixel 2 INFO ] 2020-06-11 17:08:30.781 DriverManager:40 - driver is initialize
[Android_Pixel 2 INFO ] 2020-06-11 17:08:33.014 MarketingPages:22 - Welcome  is enabled----->true
[Android_Pixel 2 INFO ] 2020-06-11 17:09:28.453 BasePage:97 - Forgot_Screen_Button_text_view -->>Forgot password?
[Android_Pixel 2 INFO ] 2020-06-11 17:09:29.207 BasePage:97 - Forgot_Screen_ToolBar_view -->>Forgot Password
[Android_Pixel 2 INFO ] 2020-06-11 17:09:32.970 VideoManager:35 - video path: Android_Pixel 2/Videos/Verify user is able to recover password by using forgot password.mp4
